\BOOKMARK [1][-]{section.1}{\376\377\137\025\212\000}{}% 1
\BOOKMARK [2][-]{subsection.1.1}{\376\377\154\064\123\160\166\204\137\305\211\201\140\047\116\016\133\371\142\227\201\006\137\061\140\047\126\360\130\203}{section.1}% 2
\BOOKMARK [2][-]{subsection.1.2}{\376\377\150\070\137\303\213\272\160\271\377\032\116\044\171\315\203\003\137\017\166\204\147\072\164\006\122\006\221\316}{section.1}% 3
\BOOKMARK [1][-]{section.2}{\376\377\203\003\137\017\000A\377\032\000K\000i\000r\000c\000h\000e\000n\000b\000a\000u\000e\000r\154\064\123\160\123\312\121\166\117\341\123\367\000-\145\073\121\373\221\315\124\010\126\360\130\203}{}% 4
\BOOKMARK [2][-]{subsection.2.1}{\376\377\147\072\122\066\211\343\147\204\377\032\000`\000`\176\377\124\015\123\125\000'\000'\120\117\177\156}{section.2}% 5
\BOOKMARK [2][-]{subsection.2.2}{\376\377\150\300\155\113\123\237\164\006\377\032\000z\000-\000s\000c\000o\000r\000e\116\016\213\315\121\103\230\221\163\207\166\204\201\006\137\061\140\047}{section.2}% 6
\BOOKMARK [2][-]{subsection.2.3}{\376\377\221\312\116\111\145\073\121\373\166\204\160\176\226\276\140\047\137\161\124\315\377\032\176\277\140\047\210\160\121\317}{section.2}% 7
\BOOKMARK [3][-]{subsubsection.2.3.1}{\376\377\176\277\140\047\210\160\121\317\166\204\147\072\164\006\143\250\133\374}{subsection.2.3}% 8
\BOOKMARK [1][-]{section.3}{\376\377\203\003\137\017\000B\377\032\000M\000o\000E\152\041\127\213\040\024\040\024\127\372\116\216\117\341\140\157\213\272\166\204\120\107\213\276\150\300\232\214\145\260\203\003\137\017}{}% 9
\BOOKMARK [2][-]{subsection.3.1}{\376\377\117\341\123\367\000-\145\073\121\373\211\343\200\046\377\032\145\260\166\204\226\220\121\231\117\341\220\123}{section.3}% 10
\BOOKMARK [2][-]{subsection.3.2}{\376\377\203\003\137\017\217\154\123\330\377\032\116\316\000`\000`\230\221\163\207\213\241\145\160\000'\000'\122\060\000`\000`\120\107\213\276\150\300\232\214\000'\000'}{section.3}% 11
\BOOKMARK [2][-]{subsection.3.3}{\376\377\147\000\117\030\150\300\155\113\147\072\122\066\377\032\000N\000e\000y\000m\000a\000n\000-\000P\000e\000a\000r\000s\000o\000n\137\025\164\006}{section.3}% 12
\BOOKMARK [2][-]{subsection.3.4}{\376\377\234\201\150\322\140\047\166\204\150\070\137\303\136\246\221\317\377\032\000C\000h\000e\000r\000n\000o\000f\000f\117\341\140\157\377\010\000D\000*\377\011}{section.3}% 13
\BOOKMARK [1][-]{section.4}{\376\377\150\070\137\303\143\250\133\374\377\032\000M\000o\000E\154\064\123\160\133\371\142\227\210\160\121\317\166\204\153\041\176\277\140\047\217\271\165\114}{}% 14
\BOOKMARK [2][-]{subsection.4.1}{\376\377\221\312\116\111\145\073\121\373\166\204\221\315\145\260\136\372\152\041\377\032\217\223\121\145\122\006\136\003\120\117\171\373}{section.4}% 15
\BOOKMARK [2][-]{subsection.4.2}{\376\377\133\232\164\006\0005\000.\0001\155\361\121\145\122\006\147\220\377\032\234\201\150\322\140\047\116\013\165\114}{section.4}% 16
\BOOKMARK [2][-]{subsection.4.3}{\376\377\147\072\164\006\226\020\221\312\377\032\116\072\116\300\116\110\146\057\377\037}{section.4}% 17
\BOOKMARK [3][-]{subsubsection.4.3.1}{\376\377\210\160\121\317\166\204\147\072\164\006\143\250\133\374\224\376\377\032}{subsection.4.3}% 18
\BOOKMARK [2][-]{subsection.4.4}{\376\377\133\371\153\324\122\006\147\220\377\032\176\277\140\047\377\010\000O\000\050\000\051\377\011\000v\000s\000.\000\040\153\041\176\277\140\047\377\010\000O\000\050\000\051\377\011\210\160\121\317}{section.4}% 19
\BOOKMARK [1][-]{section.5}{\376\377\234\201\150\322\140\047\135\345\172\013\377\032\116\316\164\006\213\272\122\060\133\236\215\365}{}% 20
\BOOKMARK [2][-]{subsection.5.1}{\376\377\133\211\121\150\174\373\145\160\377\010\000c\377\011\377\032\217\336\143\245\154\064\123\160\137\072\136\246\116\016\133\371\142\113\200\375\122\233\166\204\150\145\150\201}{section.5}% 21
\BOOKMARK [2][-]{subsection.5.2}{\376\377\133\236\215\365\116\055\166\204\126\333\226\066\153\265\117\030\123\026\150\106\147\266}{section.5}% 22
\BOOKMARK [2][-]{subsection.5.3}{\376\377\133\236\232\214\232\214\213\301\377\032\164\006\213\272\166\204\200\334\122\051}{section.5}% 23
\BOOKMARK [1][-]{section.6}{\376\377\176\323\213\272\377\032\203\003\137\017\217\154\123\330\166\204\147\072\164\006\116\016\141\017\116\111}{}% 24
\BOOKMARK [2][-]{subsection.6.1}{\376\377\150\070\137\303\147\072\122\066\117\030\122\277\221\315\165\063}{section.6}% 25
\BOOKMARK [2][-]{subsection.6.2}{\376\377\133\371\147\052\147\145\154\064\123\160\213\276\213\241\166\204\143\007\133\374\141\017\116\111}{section.6}% 26
