\BOOKMARK [1][-]{section.1}{\376\377\137\142\137\017\123\026\127\372\170\100\116\016\150\070\137\303\133\232\164\006\150\106\147\266}{}% 1
\BOOKMARK [2][-]{subsection.1.1}{\376\377\127\372\147\054\133\232\116\111\116\016\213\260\123\367\117\123\174\373}{section.1}% 2
\BOOKMARK [3][-]{subsubsection.1.1.1}{\376\377\211\343\200\046\140\047\166\204\173\111\116\367\122\073\165\073}{subsection.1.1}% 3
\BOOKMARK [1][-]{section.2}{\376\377\203\003\137\017\000A\377\010\000T\000o\000k\000e\000n\000-\000L\000o\000g\000i\000t\377\011\166\204\176\277\140\047\210\160\121\317\133\232\164\006}{}% 4
\BOOKMARK [2][-]{subsection.2.1}{\376\377\000Z\000-\000S\000c\000o\000r\000e\150\300\232\214\166\204\137\142\137\017\123\026}{section.2}% 5
\BOOKMARK [2][-]{subsection.2.2}{\376\377\221\312\116\111\145\073\121\373\116\013\166\204\176\277\140\047\210\160\121\317\377\010\150\070\137\303\133\232\164\006\377\011}{section.2}% 6
\BOOKMARK [3][-]{subsubsection.2.2.1}{\376\377\000G\000i\000n\000i\174\373\145\160\116\016\117\356\153\143\230\171\166\204\146\076\137\017\121\163\174\373}{subsection.2.2}% 7
\BOOKMARK [1][-]{section.3}{\376\377\203\003\137\017\000B\377\010\000M\000o\000E\377\011\166\204\153\041\176\277\140\047\210\160\121\317\133\232\164\006}{}% 8
\BOOKMARK [2][-]{subsection.3.1}{\376\377\117\074\161\066\153\324\150\300\232\214\116\016\000C\000h\000e\000r\000n\000o\000f\000f\117\341\140\157}{section.3}% 9
\BOOKMARK [2][-]{subsection.3.2}{\376\377\000M\000o\000E\150\106\147\266\116\013\166\204\157\300\155\073\122\006\136\003\117\356\145\071}{section.3}% 10
\BOOKMARK [1][-]{section.4}{\376\377\150\070\137\303\133\232\164\006\040\024\040\024\153\041\176\277\140\047\210\160\121\317\166\204\116\045\150\074\213\301\146\016}{}% 11
\BOOKMARK [2][-]{subsection.4.1}{\376\377\000P\000i\000n\000s\000k\000e\000r\116\015\173\111\137\017\123\312\121\166\143\250\136\177}{section.4}% 12
\BOOKMARK [2][-]{subsection.4.2}{\376\377\000C\000h\000e\000r\000n\000o\000f\000f\117\341\140\157\166\204\172\063\133\232\140\047\137\025\164\006}{section.4}% 13
\BOOKMARK [2][-]{subsection.4.3}{\376\377\171\273\145\143\157\300\155\073\122\006\136\003\166\204\000P\000i\000n\000s\000k\000e\000r\143\250\136\177}{section.4}% 14
\BOOKMARK [3][-]{subsubsection.4.3.1}{\376\377\000f\000k\000\050\000S\000\051\174\373\145\160\166\204\174\276\170\156\133\232\116\111}{subsection.4.3}% 15
\BOOKMARK [2][-]{subsection.4.4}{\376\377\133\371\142\227\221\312\116\111\145\073\121\373\116\013\166\204\000C\000h\000e\000r\000n\000o\000f\000f\117\341\140\157\210\160\121\317}{section.4}% 16
\BOOKMARK [3][-]{subsubsection.4.4.1}{\376\377\175\047\165\114\122\006\147\220\116\016\145\160\120\074\171\072\117\213\145\071\217\333}{subsection.4.4}% 17
\BOOKMARK [2][-]{subsection.4.5}{\376\377\176\277\140\047\000v\000s\153\041\176\277\140\047\210\160\121\317\166\204\221\317\123\026\133\371\153\324}{section.4}% 18
\BOOKMARK [1][-]{section.5}{\376\377\135\345\172\013\123\302\145\160\000c\166\204\164\006\213\272\127\372\170\100}{}% 19
\BOOKMARK [2][-]{subsection.5.1}{\376\377\133\211\121\150\174\373\145\160\166\204\133\232\116\111\116\016\147\000\117\030\140\047}{section.5}% 20
\BOOKMARK [2][-]{subsection.5.2}{\376\377\133\211\121\150\174\373\145\160\116\016\150\067\147\054\131\015\147\102\136\246}{section.5}% 21
\BOOKMARK [1][-]{section.6}{\376\377\133\236\232\214\232\214\213\301\150\106\147\266}{}% 22
\BOOKMARK [2][-]{subsection.6.1}{\376\377\133\236\232\214\213\276\177\156\116\016\127\372\121\306\123\302\145\160}{section.6}% 23
\BOOKMARK [2][-]{subsection.6.2}{\376\377\133\236\232\214\000A\377\032\145\073\121\373\137\072\136\246\000\040\000\040\166\204\133\236\155\113}{section.6}% 24
\BOOKMARK [2][-]{subsection.6.3}{\376\377\133\236\232\214\000B\377\032\000T\000o\000k\000e\000n\000-\000L\000o\000g\000i\000t\154\064\123\160\377\010\000K\000G\000W\377\011\166\204\176\277\140\047\210\160\121\317}{section.6}% 25
\BOOKMARK [2][-]{subsection.6.4}{\376\377\133\236\232\214\000C\377\032\000M\000o\000E\154\064\123\160\166\204\153\041\176\277\140\047\210\160\121\317\377\010\150\070\137\303\133\371\153\324\377\011}{section.6}% 26
\BOOKMARK [2][-]{subsection.6.5}{\376\377\133\236\232\214\000D\377\032\000L\000i\000p\000s\000c\000h\000i\000t\000z\136\070\145\160\000\040\000L\000g\000\040\166\204\133\236\155\113\150\007\133\232}{section.6}% 27
\BOOKMARK [2][-]{subsection.6.6}{\376\377\133\236\232\214\000E\377\032\133\211\121\150\174\373\145\160\000\040\000c\000\040\166\204\147\000\117\030\140\047\232\214\213\301}{section.6}% 28
\BOOKMARK [2][-]{subsection.6.7}{\376\377\164\006\213\272\230\204\155\113\116\016\133\236\232\214\133\371\150\007}{section.6}% 29
\BOOKMARK [1][-]{section.7}{\376\377\135\345\172\013\150\007\133\232\145\271\154\325}{}% 30
\BOOKMARK [2][-]{subsection.7.1}{\376\377\000L\000i\000p\000s\000c\000h\000i\000t\000z\136\070\145\160\000\040\000L\000g\000\040\166\204\150\007\133\232}{section.7}% 31
\BOOKMARK [2][-]{subsection.7.2}{\376\377\176\374\124\010\136\070\145\160\000\040\000C\000\040\166\204\150\007\133\232}{section.7}% 32
\BOOKMARK [2][-]{subsection.7.3}{\376\377\133\211\121\150\174\373\145\160\000\040\000c\000\040\166\204\147\000\117\030\150\007\133\232}{section.7}% 33
\BOOKMARK [2][-]{subsection.7.4}{\376\377\145\073\121\373\137\072\136\246\000\040\000\040\166\204\116\012\165\114\117\060\213\241}{section.7}% 34
\BOOKMARK [3][-]{subsubsection.7.4.1}{\376\377\145\271\154\325\0001\166\204\143\250\133\374\116\016\232\214\213\301}{subsection.7.4}% 35
\BOOKMARK [3][-]{subsubsection.7.4.2}{\376\377\145\271\154\325\0002\166\204\133\232\116\111\116\016\136\224\165\050}{subsection.7.4}% 36
\BOOKMARK [1][-]{section.8}{\376\377\140\073\176\323}{}% 37
